C:\Program Files (x86)\Microsoft Visual Studio\2017\Community\Common7\IDE\VC\VCTargets\Microsoft.CppBuild.targets(387,5): warning MSB8028: The intermediate directory (Debug\) contains files shared from another project (TextureDemo.vcxproj).  This can lead to incorrect clean and rebuild behavior.
  main.cpp
c:\users\najarala\documents\c++ programs\big important project\demo\demo\texturedemo\texturedemo\main.cpp(17): warning C4305: 'initializing': truncation from 'double' to 'float'
c:\users\najarala\documents\c++ programs\big important project\demo\demo\texturedemo\texturedemo\main.cpp(222): warning C4244: 'argument': conversion from 'time_t' to 'unsigned int', possible loss of data
c:\users\najarala\documents\c++ programs\big important project\demo\demo\texturedemo\texturedemo\main.cpp(224): warning C4305: 'argument': truncation from 'double' to 'float'
c:\users\najarala\documents\c++ programs\big important project\demo\demo\texturedemo\texturedemo\main.cpp(387): warning C4305: '=': truncation from 'double' to 'float'
c:\users\najarala\documents\c++ programs\big important project\demo\demo\texturedemo\texturedemo\main.cpp(391): warning C4305: '=': truncation from 'double' to 'float'
c:\users\najarala\documents\c++ programs\big important project\demo\demo\texturedemo\texturedemo\main.cpp(500): warning C4244: 'argument': conversion from 'double' to 'float', possible loss of data
c:\users\najarala\documents\c++ programs\big important project\demo\demo\texturedemo\texturedemo\main.cpp(524): warning C4244: 'argument': conversion from 'int' to 'float', possible loss of data
c:\users\najarala\documents\c++ programs\big important project\demo\demo\texturedemo\texturedemo\main.cpp(525): warning C4244: 'argument': conversion from 'int' to 'float', possible loss of data
c:\users\najarala\documents\c++ programs\big important project\demo\demo\texturedemo\texturedemo\main.cpp(494): warning C4101: 'distance_to_target': unreferenced local variable
  GLM: rotate function taking degrees as a parameter is deprecated. #define GLM_FORCE_RADIANS before including GLM headers to remove this message.
  SOIL.lib(SOIL.obj) : MSIL .netmodule or module compiled with /GL found; restarting link with /LTCG; add /LTCG to the link command line to improve linker performance
LINK : warning LNK4075: ignoring '/INCREMENTAL' due to '/LTCG' specification
LINK : warning LNK4098: defaultlib 'LIBCMT' conflicts with use of other libs; use /NODEFAULTLIB:library
LINK : warning LNK4098: defaultlib 'MSVCRT' conflicts with use of other libs; use /NODEFAULTLIB:library
  Generating code
  Finished generating code
SOIL.lib(SOIL.obj) : warning LNK4099: PDB 'SOIL.pdb' was not found with 'SOIL.lib(SOIL.obj)' or at 'C:\Users\najarala\Documents\C++ programs\Big important project\Demo\Demo\TextureDemo\Debug\SOIL.pdb'; linking object as if no debug info
SOIL.lib(image_helper.obj) : warning LNK4099: PDB 'SOIL.pdb' was not found with 'SOIL.lib(image_helper.obj)' or at 'C:\Users\najarala\Documents\C++ programs\Big important project\Demo\Demo\TextureDemo\Debug\SOIL.pdb'; linking object as if no debug info
SOIL.lib(stb_image_aug.obj) : warning LNK4099: PDB 'SOIL.pdb' was not found with 'SOIL.lib(stb_image_aug.obj)' or at 'C:\Users\najarala\Documents\C++ programs\Big important project\Demo\Demo\TextureDemo\Debug\SOIL.pdb'; linking object as if no debug info
SOIL.lib(image_DXT.obj) : warning LNK4099: PDB 'SOIL.pdb' was not found with 'SOIL.lib(image_DXT.obj)' or at 'C:\Users\najarala\Documents\C++ programs\Big important project\Demo\Demo\TextureDemo\Debug\SOIL.pdb'; linking object as if no debug info
glew32s.lib(glew.obj) : warning LNK4099: PDB 'glew_static.pdb' was not found with 'glew32s.lib(glew.obj)' or at 'C:\Users\najarala\Documents\C++ programs\Big important project\Demo\Demo\TextureDemo\Debug\glew_static.pdb'; linking object as if no debug info
  TextureDemo.vcxproj -> C:\Users\najarala\Documents\C++ programs\Big important project\Demo\Demo\TextureDemo\Debug\GameProject.exe
